<?xml version="1.0" encoding="UTF-8"?>
<!-- Generated by org.testng.reporters.JUnitReportReporter -->
<testsuite hostname="XATLCAMP26209" failures="0" tests="2" name="com.spg.qa.testcases.HomePageTest" time="20.326" errors="0" timestamp="2022-05-25T23:55:45 EDT" skipped="0">
  <testcase classname="com.spg.qa.testcases.HomePageTest" name="consoleOutputTextTest" time="12.973"/>
  <system-out/>
  <testcase classname="com.spg.qa.testcases.HomePageTest" name="validateLoginWindowAppeared" time="7.353"/>
  <system-out/>
</testsuite> <!-- com.spg.qa.testcases.HomePageTest -->
